<!DOCTYPE html PUBLIC "-//W3C//DTD XHTML 1.1//EN" "http://www.w3.org/TR/xhtml11/DTD/xhtml11.dtd">
<html xmlns="http://www.w3.org/1999/xhtml">
<head>
<meta charset='utf-8'>
<title>TestNG Report</title>
<style type="text/css">
table {margin-bottom:10px;border-collapse:collapse;empty-cells:show}
td,th {border:1px solid #009;padding:.25em .5em}
.result th {vertical-align:bottom}
.param th {padding-left:1em;padding-right:1em}
.param td {padding-left:.5em;padding-right:2em}
.stripe td,.stripe th {background-color: #E6EBF9}
.numi,.numi_attn {text-align:right}
.total td {font-weight:bold}
.passedodd td {background-color: #0A0}
.passedeven td {background-color: #3F3}
.skippedodd td {background-color: #CCC}
.skippedodd td {background-color: #DDD}
.failedodd td,.numi_attn {background-color: #F33}
.failedeven td,.stripe .numi_attn {background-color: #D00}
.stacktrace {white-space:pre;font-family:monospace}
.totop {font-size:85%;text-align:center;border-bottom:2px solid #000}
</style>
</head>
<body>
<table cellspacing="0" cellpadding="0" class="testOverview">
<tr><th>Test</th><th>Methods<br/>Passed</th><th>Scenarios<br/>Passed</th><th># skipped</th><th># failed</th><th>Total<br/>Time</th><th>Included<br/>Groups</th><th>Excluded<br/>Groups</th></tr>
<tr><td style="text-align:left;padding-right:2em"><a href="#t1">Login Test</a></td><td class="numi">2</td><td class="numi">2</td><td class="numi">0</td><td class="numi">0</td><td class="numi">0.0 seconds</td><td class="numi"></td><td class="numi"></td></tr>
<tr class="stripe"><td style="text-align:left;padding-right:2em"><a href="#t2">Validate Title Test</a></td><td class="numi">0</td><td class="numi">0</td><td class="numi">0</td><td class="numi_attn">1</td><td class="numi">0.0 seconds</td><td class="numi"></td><td class="numi"></td></tr>
<tr><td style="text-align:left;padding-right:2em"><a href="#t3">Dependency Test</a></td><td class="numi">2</td><td class="numi">2</td><td class="numi_attn">1</td><td class="numi_attn">1</td><td class="numi">0.0 seconds</td><td class="numi"></td><td class="numi"></td></tr>
<tr class="stripe"><td style="text-align:left;padding-right:2em"><a href="#t4">Failure Test</a></td><td class="numi">1</td><td class="numi">1</td><td class="numi">0</td><td class="numi">0</td><td class="numi">0.0 seconds</td><td class="numi"></td><td class="numi"></td></tr>
<tr class="total"><td>Total</td>
<td class="numi">5</td><td class="numi">5</td><td class="numi_attn">1</td><td class="numi_attn">2</td><td class="numi">0.0 seconds</td><td colspan="2">&nbsp;</td></tr>
</table>
<table cellspacing="0" cellpadding="0" class="methodOverview" id="summary">
<tr><th>Class</th><th>Method</th><th># of<br/>Scenarios</th><th>Start</th><th>Time<br/>(ms)</th></tr>
<tr id="t1"><th colspan="5">Login Test &#8212; passed</th></tr>
<tr class="passedodd"><td rowspan="2">testcases.TestCase1</td><td><a href="#m1"><b>doUserReg</b> (functional) </a></td><td class="numi">1</td><td>1650628257012</td><td class="numi">0</td></tr><tr class="passedodd"><td><a href="#m2"><b>doLogin</b> (functional) </a></td><td class="numi">1</td><td>1650628257015</td><td class="numi">0</td></tr>
<tr id="t2"><th colspan="5">Validate Title Test &#8212; failed</th></tr>
<tr class="failedodd"><td>testcases.TestCase2</td><td><a href="#m3"><b>validateTitles</b> (smoke) </a></td><td class="numi">1</td><td>1650628257017</td><td class="numi">4</td></tr>
<tr id="t3"><th colspan="5">Dependency Test &#8212; failed</th></tr>
<tr class="failedodd"><td>testcases.TestCase3</td><td><a href="#m4"><b>doUserReg</b> (functional, smoke) </a></td><td class="numi">1</td><td>1650628257025</td><td class="numi">1</td></tr>
<tr><th colspan="5">Dependency Test &#8212; skipped</th></tr>
<tr class="skippedodd"><td>testcases.TestCase3</td><td><a href="#m5"><b>doLogin</b> (functional, smoke) </a></td><td class="numi">1</td><td>1650628257028</td><td class="numi">0</td></tr>
<tr><th colspan="5">Dependency Test &#8212; passed</th></tr>
<tr class="passedodd"><td rowspan="2">testcases.TestCase3</td><td><a href="#m6"><b>thirdTest</b> (functional, smoke) </a></td><td class="numi">1</td><td>1650628257029</td><td class="numi">0</td></tr><tr class="passedodd"><td><a href="#m7"><b>fourthTest</b> (bvt) </a></td><td class="numi">1</td><td>1650628257029</td><td class="numi">1</td></tr>
<tr id="t4"><th colspan="5">Failure Test &#8212; passed</th></tr>
<tr class="passedodd"><td>testcases.TestFailure</td><td><a href="#m8"><b>doLogin</b>  </a></td><td class="numi">1</td><td>1650628257030</td><td class="numi">1</td></tr>
</table>
<h1>Login Test</h1>
<h2 id="m1">testcases.TestCase1:doLogin</h2>
<p class="totop"><a href="#summary">back to summary</a></p>
<h2 id="m2">testcases.TestCase1:doUserReg</h2>
<p class="totop"><a href="#summary">back to summary</a></p>
<h1>Validate Title Test</h1>
<h2 id="m3">testcases.TestCase2:validateTitles</h2>
<div>
<h3>Test Messages</h3>
<a href="F:\screenshot\error.jpg" target="_blank">Screenshot link</a><br/>
<br><br/>
<a href="F:\screenshot\error.jpg" target="_blank"><img height=200 width=200 src="D:\screenshot\error.jpg"></a><br/>
<h3>Failure</h3>
<div class="stacktrace">java.lang.AssertionError: The following asserts failed:
	expected [Yahoo.com] but found [Gmail.com],
	image not present expected [false] but found [true],
	text box not present expected [false] but found [true]
	at testcases.TestCase2.validateTitles(TestCase2.java:43)
	at com.intellij.rt.testng.IDEARemoteTestNG.run(IDEARemoteTestNG.java:66)
	at com.intellij.rt.testng.RemoteTestNGStarter.main(RemoteTestNGStarter.java:109)
... Removed 23 stack frames</div>
</div>
<p class="totop"><a href="#summary">back to summary</a></p>
<h1>Dependency Test</h1>
<h2 id="m4">testcases.TestCase3:doUserReg</h2>
<div>
<h3>Test Messages</h3>
<a href="F:\screenshot\error.jpg" target="_blank">Screenshot link</a><br/>
<br><br/>
<a href="F:\screenshot\error.jpg" target="_blank"><img height=200 width=200 src="D:\screenshot\error.jpg"></a><br/>
<h3>Failure</h3>
<div class="stacktrace">java.lang.AssertionError: User not registered successfully
	at testcases.TestCase3.doUserReg(TestCase3.java:13)
	at com.intellij.rt.testng.IDEARemoteTestNG.run(IDEARemoteTestNG.java:66)
	at com.intellij.rt.testng.RemoteTestNGStarter.main(RemoteTestNGStarter.java:109)
... Removed 23 stack frames</div>
</div>
<p class="totop"><a href="#summary">back to summary</a></p>
<h2 id="m5">testcases.TestCase3:doLogin</h2>
<div>
<div class="stacktrace">java.lang.Throwable: Method TestCase3.doLogin()[pri:2, instance:testcases.TestCase3@2ef5e5e3] depends on not successfully finished methods
	at com.intellij.rt.testng.IDEARemoteTestNG.run(IDEARemoteTestNG.java:66)
	at com.intellij.rt.testng.RemoteTestNGStarter.main(RemoteTestNGStarter.java:109)
... Removed 15 stack frames</div>
</div>
<p class="totop"><a href="#summary">back to summary</a></p>
<h2 id="m6">testcases.TestCase3:thirdTest</h2>
<p class="totop"><a href="#summary">back to summary</a></p>
<h2 id="m7">testcases.TestCase3:fourthTest</h2>
<p class="totop"><a href="#summary">back to summary</a></p>
<h1>Failure Test</h1>
<h2 id="m8">testcases.TestFailure:doLogin</h2>
<p class="totop"><a href="#summary">back to summary</a></p>
</body></html>
